CS252: lab1. cs252 Mon Aug 24 12:16:41 EDT 2015  Total:  5 of 90

CS252: lab1. cs252 Mon Aug 24 12:17:26 EDT 2015  Total:  5 of 90

CS252: lab1. cs252 Mon Aug 24 12:26:30 EDT 2015  Total:  5 of 90

CS252: lab1. cs252 Mon Aug 24 12:27:19 EDT 2015  Total:  5 of 90

CS252: lab1. cs252 Mon Aug 24 12:27:46 EDT 2015  Total:  5 of 90

CS252: lab1. cs252 Mon Aug 24 12:32:46 EDT 2015  Total:  5 of 90

CS252: lab1. cs252 Mon Aug 24 12:35:45 EDT 2015  Total:  5 of 100

CS252: lab1. cs252 Mon Aug 24 12:36:03 EDT 2015  Total:  5 of 100

CS252: lab1. cs252 Mon Jan 11 13:51:27 EST 2016  Total:  5 of 100

CS252: lab1. cs252 Mon Jan 11 14:05:34 EST 2016  Total:  0 of 100

CS252: lab1. cs252 Mon Jan 11 14:06:30 EST 2016  Total:  0 of 100

CS252: lab1. cs252 Mon Jan 11 14:06:46 EST 2016  Total:  0 of 100

CS252: lab1. ehanau Thu Jun 9 00:45:51 EDT 2016  Total:  40 of 100

CS252: lab1. ehanau Thu Jun 9 02:14:22 EDT 2016  Total:  40 of 100

CS252: lab1. ehanau Thu Jun 9 11:06:24 EDT 2016  Total:  40 of 100

CS252: lab5. ehanau Thu Jun 9 12:12:19 EDT 2016  Total:  5 of 100

CS252: lab5. cs252 Tue Jun 27 15:06:44 EDT 2017  Total:  5 of 100

CS5011: lab4. erezig Sun Jun 10 05:22:55 EDT 2018  Total:  5 of 100

CS5011: lab4. erezig Sun Jun 10 05:24:00 EDT 2018  Total:  5 of 100

CS5011: lab4. erezig Sun Jun 10 05:27:45 EDT 2018  Total:  5 of 100

CS5011: lab4. zhan3393 Sun Jul 8 08:21:26 EDT 2018  Total:  5 of 100

CS5011: lab4. zhan3393 Sun Jul 8 11:36:21 EDT 2018  Total:  65 of 100

CS5011: lab4. zhan3393 Sun Jul 8 20:44:32 EDT 2018  Total:  65 of 100

CS5011: lab4. zhan3393 Sun Jul 8 20:45:40 EDT 2018  Total:  65 of 100

CS5011: lab4. zhan3393 Sun Jul 8 21:50:40 EDT 2018  Total:  65 of 100

CS5011: lab4. zhan3393 Mon Jul 9 07:03:50 EDT 2018  Total:  45 of 100

CS5011: lab4. zhan3393 Mon Jul 9 08:23:42 EDT 2018  Total:  30 of 100

CS5011: lab4. zhan3393 Mon Jul 9 11:25:36 EDT 2018  Total:  30 of 100

CS5011: lab4. zhan3393 Mon Jul 9 11:25:56 EDT 2018  Total:  30 of 100

CS5011: lab4. zhan3393 Mon Jul 9 11:34:00 EDT 2018  Total:  40 of 100

CS5011: lab4. zhan3393 Mon Jul 9 11:38:16 EDT 2018  Total:  40 of 100

CS5011: lab4. zhan3393 Mon Jul 9 12:01:34 EDT 2018  Total:  100 of 100

CS5011: lab4. zhan3393 Mon Jul 9 12:10:31 EDT 2018  Total:  100 of 100

